<?xml version="1.0" encoding="UTF-8"?>
<!-- Generated by org.testng.reporters.JUnitXMLReporter -->
<testsuite ignored="0" hostname="DESKTOP-2D33SFM" failures="1" tests="1" name="Test" time="3.368" errors="0" timestamp="2024-02-01T23:29:31 IST">
  <testcase classname="LoginTestCases.LoginTest" name="loginTests" time="0.012">
    <failure type="java.lang.NoSuchMethodError" message="&amp;apos;java.lang.Object org.openqa.selenium.support.PageFactory.initElements(org.openqa.selenium.WebDriver, java.lang.Class)&amp;apos;">
      <![CDATA[java.lang.NoSuchMethodError: 'java.lang.Object org.openqa.selenium.support.PageFactory.initElements(org.openqa.selenium.WebDriver, java.lang.Class)'
at Utilities.LoginPage.logintoApplication(LoginPage.java:17)
at LoginTestCases.LoginTest.loginTests(LoginTest.java:25)
at java.base/java.util.ArrayList.forEach(ArrayList.java:1511)
... Removed 27 stack frames]]>
    </failure>
  </testcase> <!-- loginTests -->
</testsuite> <!-- Test -->
